Running puzzle solver on 100 cores...
[*] Starting search on 128 cores.
[*] Searching space: 000000000 - 999999999
[+] KEY FOUND: 049677629
[+] Time taken: 26.61 seconds

[*] Loading dictionary...
[-] System dictionary not found. Using small fallback.
[*] Building Rainbow Table (hashing dictionary with key)...

--- DECODED MESSAGE ---
UNKNOWN UNKNOWN UNKNOWN to UNKNOWN a UNKNOWN of UNKNOWN UNKNOWN UNKNOWN UNKNOWN UNKNOWN UNKNOWN UNKNOWN the UNKNOWN UNKNOWN UNKNOWN UNKNOWN UNKNOWN UNKNOWN UNKNOWN UNKNOWN UNKNOWN a UNKNOWN UNKNOWN UNKNOWN UNKNOWN UNKNOWN of UNKNOWN UNKNOWN UNKNOWN UNKNOWN UNKNOWN a UNKNOWN UNKNOWN UNKNOWN UNKNOWN UNKNOWN UNKNOWN UNKNOWN UNKNOWN is to UNKNOWN that UNKNOWN UNKNOWN UNKNOWN UNKNOWN UNKNOWN UNKNOWN UNKNOWN UNKNOWN UNKNOWN UNKNOWN UNKNOWN UNKNOWN UNKNOWN UNKNOWN to UNKNOWN UNKNOWN UNKNOWN the UNKNOWN UNKNOWN the UNKNOWN UNKNOWN the UNKNOWN
-----------------------

[*] Found 62 unknown word(s). Analyzing...
[*] Attempting to break unknown hash: a7ed7999ac...
[*] Attempting to break unknown hash: d82b12c330...
[*] Attempting to break unknown hash: 0370341222...
[*] Attempting to break unknown hash: eff60b0ba4...
[*] Attempting to break unknown hash: 3084f68833...
[*] Attempting to break unknown hash: 88568df4aa...
[*] Attempting to break unknown hash: e1bf5e01d9...
[*] Attempting to break unknown hash: 43290cc551...
[*] Attempting to break unknown hash: 881d768883...
[*] Attempting to break unknown hash: ae5ad9cf0f...
[*] Attempting to break unknown hash: 24e76711c1...

[!!!] SOLVED:
      Misspelled Word: 'What'
      Intended Word:   'that'
[*] Attempting to break unknown hash: 84e37d4937...
[*] Attempting to break unknown hash: c755d95d3d...
[*] Attempting to break unknown hash: d2baddff27...
[*] Attempting to break unknown hash: 55385ae327...
[*] Attempting to break unknown hash: 77be712762...
[*] Attempting to break unknown hash: 1791004be1...
[*] Attempting to break unknown hash: 963e1a53b6...
[*] Attempting to break unknown hash: a3ed5b10c3...
[*] Attempting to break unknown hash: 1d943d7acf...

[!!!] SOLVED:
      Misspelled Word: 'any'
      Intended Word:   'and'
[*] Attempting to break unknown hash: 8f7a5be198...
[*] Attempting to break unknown hash: db9706ce92...
[*] Attempting to break unknown hash: 4f4218a9f3...
[*] Attempting to break unknown hash: 80348f8d87...
[*] Attempting to break unknown hash: 8836681bea...
[*] Attempting to break unknown hash: 6ad0bac009...
[*] Attempting to break unknown hash: 2a8567d061...
[*] Attempting to break unknown hash: d03141838a...

[!!!] SOLVED:
      Misspelled Word: 'it'
      Intended Word:   'is'
[*] Attempting to break unknown hash: 18361408fd...
[*] Attempting to break unknown hash: ce0f96804d...
[*] Attempting to break unknown hash: 15302e2283...

[!!!] SOLVED:
      Misspelled Word: 'his'
      Intended Word:   'is'
[*] Attempting to break unknown hash: e5ebcb4c26...
[*] Attempting to break unknown hash: b1f8424613...
[*] Attempting to break unknown hash: d881d860de...
[*] Attempting to break unknown hash: d08baf9161...
[*] Attempting to break unknown hash: ddcc8a82c7...
[*] Attempting to break unknown hash: 7936ecf1ec...

[!!!] SOLVED:
      Misspelled Word: 'In'
      Intended Word:   'in'
[*] Attempting to break unknown hash: 23ffc8708b...
[*] Attempting to break unknown hash: 32eff1cc55...

[!!!] SOLVED:
      Misspelled Word: 'what'
      Intended Word:   'that'
[*] Attempting to break unknown hash: 2ffe72edcb...
[*] Attempting to break unknown hash: 25af2ff259...
[*] Attempting to break unknown hash: 371d1b6562...
[*] Attempting to break unknown hash: d1d4089e44...
[*] Attempting to break unknown hash: d8f8cf6f52...
[*] Attempting to break unknown hash: 426f5782ba...
[*] Attempting to break unknown hash: 890d951e45...
[*] Attempting to break unknown hash: b5ba2decff...
[*] Attempting to break unknown hash: 7cf10691fb...

[!!!] SOLVED:
      Misspelled Word: 'than'
      Intended Word:   'that'
[*] Attempting to break unknown hash: 8a88227307...
[*] Attempting to break unknown hash: 740a777119...
[*] Attempting to break unknown hash: 52765cba28...
[*] Attempting to break unknown hash: da744a9b95...
[*] Attempting to break unknown hash: f961715f69...
[*] Attempting to break unknown hash: 763df4248e...
[*] Attempting to break unknown hash: ac42aa8543...
[*] Attempting to break unknown hash: a85983131a...
