[11/Nov/2025 21:41:04] "GET / HTTP/1.1" 200 1960
[11/Nov/2025 21:41:04] "GET /accounts/login HTTP/1.1" 301 0
[11/Nov/2025 21:41:04] "GET /accounts/login/ HTTP/1.1" 200 613
Bad Request: /app/createUser/
[11/Nov/2025 21:41:04] "POST /app/createUser/ HTTP/1.1" 400 20
[11/Nov/2025 21:41:04] "GET /accounts/login HTTP/1.1" 301 0
[11/Nov/2025 21:41:04] "GET /accounts/login/ HTTP/1.1" 200 613
[11/Nov/2025 21:41:04] "POST /accounts/login/ HTTP/1.1" 302 0
[11/Nov/2025 21:41:04] "GET / HTTP/1.1" 200 1998
[11/Nov/2025 21:41:04] "GET /accounts/login HTTP/1.1" 301 0
[11/Nov/2025 21:41:04] "GET /accounts/login/ HTTP/1.1" 200 613
Bad Request: /app/createUser/
[11/Nov/2025 21:41:04] "POST /app/createUser/ HTTP/1.1" 400 20
[11/Nov/2025 21:41:04] "GET /accounts/login HTTP/1.1" 301 0
[11/Nov/2025 21:41:04] "GET /accounts/login/ HTTP/1.1" 200 613
[11/Nov/2025 21:41:04] "POST /accounts/login/ HTTP/1.1" 302 0
[11/Nov/2025 21:41:04] "GET / HTTP/1.1" 200 1990
[11/Nov/2025 21:41:04] "GET / HTTP/1.1" 200 1960
[11/Nov/2025 21:41:04] "GET /accounts/login HTTP/1.1" 301 0
[11/Nov/2025 21:41:05] "GET /accounts/login/ HTTP/1.1" 200 613
[11/Nov/2025 21:41:05] "POST /app/createComment/ HTTP/1.1" 201 38
[11/Nov/2025 21:41:05] "GET /app/dumpFeed HTTP/1.1" 200 546
[11/Nov/2025 21:41:05] "GET / HTTP/1.1" 200 1960
[11/Nov/2025 21:41:05] "GET /accounts/login HTTP/1.1" 301 0
[11/Nov/2025 21:41:05] "GET /accounts/login/ HTTP/1.1" 200 613
[11/Nov/2025 21:41:05] "POST /app/createComment/ HTTP/1.1" 201 38
[11/Nov/2025 21:41:05] "GET / HTTP/1.1" 200 1960
[11/Nov/2025 21:41:05] "GET /accounts/login HTTP/1.1" 301 0
[11/Nov/2025 21:41:05] "GET /accounts/login/ HTTP/1.1" 200 613
Unauthorized: /app/createComment/
[11/Nov/2025 21:41:05] "POST /app/createComment/ HTTP/1.1" 401 12
[11/Nov/2025 21:41:05] "GET / HTTP/1.1" 200 1960
[11/Nov/2025 21:41:05] "GET /accounts/login HTTP/1.1" 301 0
[11/Nov/2025 21:41:05] "GET /accounts/login/ HTTP/1.1" 200 613
[11/Nov/2025 21:41:05] "POST /app/createComment/ HTTP/1.1" 201 38
[11/Nov/2025 21:41:05] "GET / HTTP/1.1" 200 1960
[11/Nov/2025 21:41:05] "GET /accounts/login HTTP/1.1" 301 0
[11/Nov/2025 21:41:05] "GET /accounts/login/ HTTP/1.1" 200 613
[11/Nov/2025 21:41:05] "POST /app/createPost/ HTTP/1.1" 201 35
[11/Nov/2025 21:41:05] "GET /app/dumpFeed HTTP/1.1" 200 727
[11/Nov/2025 21:41:05] "GET / HTTP/1.1" 200 1960
[11/Nov/2025 21:41:05] "GET /accounts/login HTTP/1.1" 301 0
[11/Nov/2025 21:41:05] "GET /accounts/login/ HTTP/1.1" 200 613
[11/Nov/2025 21:41:05] "POST /app/createPost/ HTTP/1.1" 201 35
[11/Nov/2025 21:41:05] "GET / HTTP/1.1" 200 1960
[11/Nov/2025 21:41:05] "GET /accounts/login HTTP/1.1" 301 0
[11/Nov/2025 21:41:05] "GET /accounts/login/ HTTP/1.1" 200 613
Unauthorized: /app/createPost/
[11/Nov/2025 21:41:05] "POST /app/createPost/ HTTP/1.1" 401 12
[11/Nov/2025 21:41:05] "GET / HTTP/1.1" 200 1960
[11/Nov/2025 21:41:05] "GET /accounts/login HTTP/1.1" 301 0
[11/Nov/2025 21:41:05] "GET /accounts/login/ HTTP/1.1" 200 613
[11/Nov/2025 21:41:05] "POST /app/createPost/ HTTP/1.1" 201 35
[11/Nov/2025 21:41:05] "GET / HTTP/1.1" 200 1960
[11/Nov/2025 21:41:05] "GET /app/dumpFeed HTTP/1.1" 200 1094
[11/Nov/2025 21:41:05] "GET / HTTP/1.1" 200 1960
[11/Nov/2025 21:41:05] "GET /accounts/login HTTP/1.1" 301 0
[11/Nov/2025 21:41:05] "GET /accounts/login/ HTTP/1.1" 200 613
[11/Nov/2025 21:41:05] "POST /app/hideComment/ HTTP/1.1" 200 29
[11/Nov/2025 21:41:05] "GET / HTTP/1.1" 200 1960
[11/Nov/2025 21:41:05] "GET /accounts/login HTTP/1.1" 301 0
[11/Nov/2025 21:41:05] "GET /accounts/login/ HTTP/1.1" 200 613
[11/Nov/2025 21:41:05] "POST /app/hidePost/ HTTP/1.1" 200 26
[11/Nov/2025 21:41:05] "GET / HTTP/1.1" 200 1960
[11/Nov/2025 21:41:05] "GET /accounts/login HTTP/1.1" 301 0
[11/Nov/2025 21:41:05] "GET /accounts/login/ HTTP/1.1" 200 613
Unauthorized: /app/hidePost/
[11/Nov/2025 21:41:05] "POST /app/hidePost/ HTTP/1.1" 401 12
[11/Nov/2025 21:41:05] "GET / HTTP/1.1" 200 1960
[11/Nov/2025 21:41:05] "GET /accounts/login HTTP/1.1" 301 0
[11/Nov/2025 21:41:05] "GET /accounts/login/ HTTP/1.1" 200 613
Unauthorized: /app/hidePost/
[11/Nov/2025 21:41:05] "POST /app/hidePost/ HTTP/1.1" 401 12
[11/Nov/2025 21:41:05] "GET / HTTP/1.1" 200 1960
[11/Nov/2025 21:41:05] "GET / HTTP/1.1" 200 1998
[11/Nov/2025 21:41:11] "GET / HTTP/1.1" 200 1960
[11/Nov/2025 21:41:11] "GET /accounts/login HTTP/1.1" 301 0
[11/Nov/2025 21:41:11] "GET /accounts/login/ HTTP/1.1" 200 613
Bad Request: /app/createUser/
[11/Nov/2025 21:41:11] "POST /app/createUser/ HTTP/1.1" 400 20
[11/Nov/2025 21:41:11] "GET /accounts/login HTTP/1.1" 301 0
[11/Nov/2025 21:41:11] "GET /accounts/login/ HTTP/1.1" 200 613
[11/Nov/2025 21:41:11] "POST /accounts/login/ HTTP/1.1" 302 0
[11/Nov/2025 21:41:11] "GET / HTTP/1.1" 200 1998
[11/Nov/2025 21:41:11] "GET /accounts/login HTTP/1.1" 301 0
[11/Nov/2025 21:41:11] "GET /accounts/login/ HTTP/1.1" 200 613
Bad Request: /app/createUser/
[11/Nov/2025 21:41:11] "POST /app/createUser/ HTTP/1.1" 400 20
[11/Nov/2025 21:41:11] "GET /accounts/login HTTP/1.1" 301 0
[11/Nov/2025 21:41:11] "GET /accounts/login/ HTTP/1.1" 200 613
[11/Nov/2025 21:41:11] "POST /accounts/login/ HTTP/1.1" 302 0
[11/Nov/2025 21:41:11] "GET / HTTP/1.1" 200 1990
[11/Nov/2025 21:41:11] "GET / HTTP/1.1" 200 1960
[11/Nov/2025 21:41:11] "GET /accounts/login HTTP/1.1" 301 0
[11/Nov/2025 21:41:11] "GET /accounts/login/ HTTP/1.1" 200 613
[11/Nov/2025 21:41:11] "POST /app/createComment/ HTTP/1.1" 201 38
[11/Nov/2025 21:41:11] "GET /app/dumpFeed HTTP/1.1" 200 1097
[11/Nov/2025 21:41:45] "GET / HTTP/1.1" 200 1960
[11/Nov/2025 21:41:45] "GET /accounts/login HTTP/1.1" 301 0
[11/Nov/2025 21:41:45] "GET /accounts/login/ HTTP/1.1" 200 613
Bad Request: /app/createUser/
[11/Nov/2025 21:41:45] "POST /app/createUser/ HTTP/1.1" 400 20
[11/Nov/2025 21:41:45] "GET /accounts/login HTTP/1.1" 301 0
[11/Nov/2025 21:41:45] "GET /accounts/login/ HTTP/1.1" 200 613
[11/Nov/2025 21:41:45] "POST /accounts/login/ HTTP/1.1" 302 0
[11/Nov/2025 21:41:45] "GET / HTTP/1.1" 200 1998
[11/Nov/2025 21:41:46] "GET /accounts/login HTTP/1.1" 301 0
[11/Nov/2025 21:41:46] "GET /accounts/login/ HTTP/1.1" 200 613
Bad Request: /app/createUser/
[11/Nov/2025 21:41:46] "POST /app/createUser/ HTTP/1.1" 400 20
[11/Nov/2025 21:41:46] "GET /accounts/login HTTP/1.1" 301 0
[11/Nov/2025 21:41:46] "GET /accounts/login/ HTTP/1.1" 200 613
[11/Nov/2025 21:41:46] "POST /accounts/login/ HTTP/1.1" 302 0
[11/Nov/2025 21:41:46] "GET / HTTP/1.1" 200 1990
[11/Nov/2025 21:41:46] "GET / HTTP/1.1" 200 1960
[11/Nov/2025 21:41:46] "GET /accounts/login HTTP/1.1" 301 0
[11/Nov/2025 21:41:46] "GET /accounts/login/ HTTP/1.1" 200 613
[11/Nov/2025 21:41:46] "POST /app/createComment/ HTTP/1.1" 201 38
[11/Nov/2025 21:41:46] "GET /app/dumpFeed HTTP/1.1" 200 1100
[11/Nov/2025 21:41:46] "GET / HTTP/1.1" 200 1960
[11/Nov/2025 21:41:46] "GET /accounts/login HTTP/1.1" 301 0
[11/Nov/2025 21:41:46] "GET /accounts/login/ HTTP/1.1" 200 613
[11/Nov/2025 21:41:46] "POST /app/createComment/ HTTP/1.1" 201 38
[11/Nov/2025 21:41:46] "GET / HTTP/1.1" 200 1960
[11/Nov/2025 21:41:46] "GET /accounts/login HTTP/1.1" 301 0
[11/Nov/2025 21:41:46] "GET /accounts/login/ HTTP/1.1" 200 613
Unauthorized: /app/createComment/
[11/Nov/2025 21:41:46] "POST /app/createComment/ HTTP/1.1" 401 12
[11/Nov/2025 21:41:46] "GET / HTTP/1.1" 200 1960
[11/Nov/2025 21:41:46] "GET /accounts/login HTTP/1.1" 301 0
[11/Nov/2025 21:41:46] "GET /accounts/login/ HTTP/1.1" 200 613
[11/Nov/2025 21:41:46] "POST /app/createComment/ HTTP/1.1" 201 38
[11/Nov/2025 21:41:46] "GET / HTTP/1.1" 200 1960
[11/Nov/2025 21:41:46] "GET /accounts/login HTTP/1.1" 301 0
[11/Nov/2025 21:41:46] "GET /accounts/login/ HTTP/1.1" 200 613
[11/Nov/2025 21:41:46] "POST /app/createPost/ HTTP/1.1" 201 35
[11/Nov/2025 21:41:46] "GET /app/dumpFeed HTTP/1.1" 200 1281
[11/Nov/2025 21:41:46] "GET / HTTP/1.1" 200 1960
[11/Nov/2025 21:41:46] "GET /accounts/login HTTP/1.1" 301 0
[11/Nov/2025 21:41:46] "GET /accounts/login/ HTTP/1.1" 200 613
[11/Nov/2025 21:41:46] "POST /app/createPost/ HTTP/1.1" 201 35
[11/Nov/2025 21:41:46] "GET / HTTP/1.1" 200 1960
[11/Nov/2025 21:41:46] "GET /accounts/login HTTP/1.1" 301 0
[11/Nov/2025 21:41:46] "GET /accounts/login/ HTTP/1.1" 200 613
Unauthorized: /app/createPost/
[11/Nov/2025 21:41:46] "POST /app/createPost/ HTTP/1.1" 401 12
[11/Nov/2025 21:41:46] "GET / HTTP/1.1" 200 1960
[11/Nov/2025 21:41:46] "GET /accounts/login HTTP/1.1" 301 0
[11/Nov/2025 21:41:46] "GET /accounts/login/ HTTP/1.1" 200 613
[11/Nov/2025 21:41:46] "POST /app/createPost/ HTTP/1.1" 201 35
[11/Nov/2025 21:41:46] "GET / HTTP/1.1" 200 1960
[11/Nov/2025 21:41:46] "GET /app/dumpFeed HTTP/1.1" 200 1648
[11/Nov/2025 21:41:46] "GET / HTTP/1.1" 200 1960
[11/Nov/2025 21:41:46] "GET /accounts/login HTTP/1.1" 301 0
[11/Nov/2025 21:41:46] "GET /accounts/login/ HTTP/1.1" 200 613
[11/Nov/2025 21:41:46] "POST /app/hideComment/ HTTP/1.1" 200 29
[11/Nov/2025 21:41:46] "GET / HTTP/1.1" 200 1960
[11/Nov/2025 21:41:46] "GET /accounts/login HTTP/1.1" 301 0
[11/Nov/2025 21:41:46] "GET /accounts/login/ HTTP/1.1" 200 613
[11/Nov/2025 21:41:46] "POST /app/hidePost/ HTTP/1.1" 200 26
[11/Nov/2025 21:41:46] "GET / HTTP/1.1" 200 1960
[11/Nov/2025 21:41:46] "GET /accounts/login HTTP/1.1" 301 0
[11/Nov/2025 21:41:46] "GET /accounts/login/ HTTP/1.1" 200 613
Unauthorized: /app/hidePost/
[11/Nov/2025 21:41:46] "POST /app/hidePost/ HTTP/1.1" 401 12
[11/Nov/2025 21:41:46] "GET / HTTP/1.1" 200 1960
[11/Nov/2025 21:41:46] "GET /accounts/login HTTP/1.1" 301 0
[11/Nov/2025 21:41:46] "GET /accounts/login/ HTTP/1.1" 200 613
Unauthorized: /app/hidePost/
[11/Nov/2025 21:41:46] "POST /app/hidePost/ HTTP/1.1" 401 12
[11/Nov/2025 21:41:46] "GET / HTTP/1.1" 200 1960
[11/Nov/2025 21:41:46] "GET / HTTP/1.1" 200 1998
[11/Nov/2025 21:41:51] "GET / HTTP/1.1" 200 1960
[11/Nov/2025 21:41:51] "GET /accounts/login HTTP/1.1" 301 0
[11/Nov/2025 21:41:51] "GET /accounts/login/ HTTP/1.1" 200 613
Bad Request: /app/createUser/
[11/Nov/2025 21:41:51] "POST /app/createUser/ HTTP/1.1" 400 20
[11/Nov/2025 21:41:51] "GET /accounts/login HTTP/1.1" 301 0
[11/Nov/2025 21:41:51] "GET /accounts/login/ HTTP/1.1" 200 613
[11/Nov/2025 21:41:51] "POST /accounts/login/ HTTP/1.1" 302 0
[11/Nov/2025 21:41:51] "GET / HTTP/1.1" 200 1998
[11/Nov/2025 21:41:51] "GET /accounts/login HTTP/1.1" 301 0
[11/Nov/2025 21:41:51] "GET /accounts/login/ HTTP/1.1" 200 613
Bad Request: /app/createUser/
[11/Nov/2025 21:41:51] "POST /app/createUser/ HTTP/1.1" 400 20
[11/Nov/2025 21:41:51] "GET /accounts/login HTTP/1.1" 301 0
[11/Nov/2025 21:41:51] "GET /accounts/login/ HTTP/1.1" 200 613
[11/Nov/2025 21:41:51] "POST /accounts/login/ HTTP/1.1" 302 0
[11/Nov/2025 21:41:51] "GET / HTTP/1.1" 200 1990
[11/Nov/2025 21:41:51] "GET / HTTP/1.1" 200 1960
[11/Nov/2025 21:41:51] "GET /accounts/login HTTP/1.1" 301 0
[11/Nov/2025 21:41:51] "GET /accounts/login/ HTTP/1.1" 200 613
[11/Nov/2025 21:41:51] "POST /app/createComment/ HTTP/1.1" 201 38
[11/Nov/2025 21:41:51] "GET /app/dumpFeed HTTP/1.1" 200 1651
[11/Nov/2025 21:41:51] "GET / HTTP/1.1" 200 1960
[11/Nov/2025 21:41:51] "GET /accounts/login HTTP/1.1" 301 0
[11/Nov/2025 21:41:51] "GET /accounts/login/ HTTP/1.1" 200 613
[11/Nov/2025 21:41:51] "POST /app/createComment/ HTTP/1.1" 201 39
[11/Nov/2025 21:41:51] "GET / HTTP/1.1" 200 1960
[11/Nov/2025 21:41:51] "GET /accounts/login HTTP/1.1" 301 0
[11/Nov/2025 21:41:51] "GET /accounts/login/ HTTP/1.1" 200 613
Unauthorized: /app/createComment/
[11/Nov/2025 21:41:51] "POST /app/createComment/ HTTP/1.1" 401 12
[11/Nov/2025 21:41:51] "GET / HTTP/1.1" 200 1960
[11/Nov/2025 21:41:51] "GET /accounts/login HTTP/1.1" 301 0
[11/Nov/2025 21:41:51] "GET /accounts/login/ HTTP/1.1" 200 613
[11/Nov/2025 21:41:51] "POST /app/createComment/ HTTP/1.1" 201 39
[11/Nov/2025 21:41:51] "GET / HTTP/1.1" 200 1960
[11/Nov/2025 21:41:51] "GET /accounts/login HTTP/1.1" 301 0
[11/Nov/2025 21:41:51] "GET /accounts/login/ HTTP/1.1" 200 613
[11/Nov/2025 21:41:51] "POST /app/createPost/ HTTP/1.1" 201 36
[11/Nov/2025 21:41:51] "GET /app/dumpFeed HTTP/1.1" 200 1835
[11/Nov/2025 21:41:51] "GET / HTTP/1.1" 200 1960
[11/Nov/2025 21:41:51] "GET /accounts/login HTTP/1.1" 301 0
[11/Nov/2025 21:41:51] "GET /accounts/login/ HTTP/1.1" 200 613
[11/Nov/2025 21:41:51] "POST /app/createPost/ HTTP/1.1" 201 36
[11/Nov/2025 21:41:51] "GET / HTTP/1.1" 200 1960
[11/Nov/2025 21:41:51] "GET /accounts/login HTTP/1.1" 301 0
[11/Nov/2025 21:41:51] "GET /accounts/login/ HTTP/1.1" 200 613
Unauthorized: /app/createPost/
[11/Nov/2025 21:41:51] "POST /app/createPost/ HTTP/1.1" 401 12
[11/Nov/2025 21:41:51] "GET / HTTP/1.1" 200 1960
[11/Nov/2025 21:41:51] "GET /accounts/login HTTP/1.1" 301 0
[11/Nov/2025 21:41:51] "GET /accounts/login/ HTTP/1.1" 200 613
[11/Nov/2025 21:41:51] "POST /app/createPost/ HTTP/1.1" 201 36
[11/Nov/2025 21:41:51] "GET / HTTP/1.1" 200 1960
[11/Nov/2025 21:41:51] "GET /app/dumpFeed HTTP/1.1" 200 2204
[11/Nov/2025 21:41:51] "GET / HTTP/1.1" 200 1960
[11/Nov/2025 21:41:51] "GET /accounts/login HTTP/1.1" 301 0
[11/Nov/2025 21:41:51] "GET /accounts/login/ HTTP/1.1" 200 613
[11/Nov/2025 21:41:51] "POST /app/hideComment/ HTTP/1.1" 200 29
[11/Nov/2025 21:41:51] "GET / HTTP/1.1" 200 1960
[11/Nov/2025 21:41:51] "GET /accounts/login HTTP/1.1" 301 0
[11/Nov/2025 21:41:51] "GET /accounts/login/ HTTP/1.1" 200 613
[11/Nov/2025 21:41:51] "POST /app/hidePost/ HTTP/1.1" 200 26
[11/Nov/2025 21:41:51] "GET / HTTP/1.1" 200 1960
[11/Nov/2025 21:41:51] "GET /accounts/login HTTP/1.1" 301 0
[11/Nov/2025 21:41:51] "GET /accounts/login/ HTTP/1.1" 200 613
Unauthorized: /app/hidePost/
[11/Nov/2025 21:41:51] "POST /app/hidePost/ HTTP/1.1" 401 12
[11/Nov/2025 21:41:51] "GET / HTTP/1.1" 200 1960
[11/Nov/2025 21:41:51] "GET /accounts/login HTTP/1.1" 301 0
[11/Nov/2025 21:41:51] "GET /accounts/login/ HTTP/1.1" 200 613
Unauthorized: /app/hidePost/
[11/Nov/2025 21:41:51] "POST /app/hidePost/ HTTP/1.1" 401 12
[11/Nov/2025 21:41:51] "GET / HTTP/1.1" 200 1960
[11/Nov/2025 21:41:51] "GET / HTTP/1.1" 200 1998
[11/Nov/2025 21:41:58] "GET /app/dumpFeed HTTP/1.1" 200 0
